<?xml version="1.0" encoding="UTF-8"?>
<!-- Generated by org.testng.reporters.JUnitReportReporter -->
<testsuite hostname="BAIPL-PC-HR2" failures="0" tests="7" name="com.pixbrandtestcases.TranquilleTestcases" time="9.320" errors="0" timestamp="26 Aug 2022 12:42:26 GMT">
  <testcase classname="com.pixbrandtestcases.TranquilleTestcases" name="vendorRegistration" time="1.559"/>
  <testcase classname="com.pixbrandtestcases.TranquilleTestcases" name="vendorRegisterLocation" time="0.837"/>
  <testcase classname="com.pixbrandtestcases.TranquilleTestcases" name="vendorRegisterLogo" time="1.665"/>
  <testcase classname="com.pixbrandtestcases.TranquilleTestcases" name="vendorregisterThree" time="1.089"/>
  <testcase classname="com.pixbrandtestcases.TranquilleTestcases" name="UserList" time="2.429"/>
  <testcase classname="com.pixbrandtestcases.TranquilleTestcases" name="vendorTreatments" time="0.843"/>
  <testcase classname="com.pixbrandtestcases.TranquilleTestcases" name="vendorRegisterWorkDemo" time="0.898"/>
</testsuite> <!-- com.pixbrandtestcases.TranquilleTestcases -->
