<?xml version="1.0" encoding="UTF-8"?>
<!-- Generated by org.testng.reporters.JUnitReportReporter -->
<testsuite hostname="BAIPL-PC-HR2" failures="0" tests="9" name="com.pixbrandtestcases.TranquilleTestcases" time="18.811" errors="0" timestamp="28 Aug 2022 08:15:09 GMT">
  <testcase classname="com.pixbrandtestcases.TranquilleTestcases" name="vendorRegisterLocation" time="0.864"/>
  <testcase classname="com.pixbrandtestcases.TranquilleTestcases" name="GetServices" time="0.883"/>
  <testcase classname="com.pixbrandtestcases.TranquilleTestcases" name="vendorRegistration" time="2.645"/>
  <testcase classname="com.pixbrandtestcases.TranquilleTestcases" name="vendorRegisterLogo" time="2.434"/>
  <testcase classname="com.pixbrandtestcases.TranquilleTestcases" name="vendorTreatments" time="1.497"/>
  <testcase classname="com.pixbrandtestcases.TranquilleTestcases" name="GetCountry" time="6.386"/>
  <testcase classname="com.pixbrandtestcases.TranquilleTestcases" name="GetLanguage" time="1.916"/>
  <testcase classname="com.pixbrandtestcases.TranquilleTestcases" name="vendorRegisterWorkDemo" time="0.990"/>
  <testcase classname="com.pixbrandtestcases.TranquilleTestcases" name="vendorregisterThree" time="1.196"/>
</testsuite> <!-- com.pixbrandtestcases.TranquilleTestcases -->
